mode: set
github.com/bytz/payment-service/internal/config/config.go:22.30,24.17 2 1
github.com/bytz/payment-service/internal/config/config.go:24.17,26.3 1 1
github.com/bytz/payment-service/internal/config/config.go:28.2,29.16 2 1
github.com/bytz/payment-service/internal/config/config.go:29.16,31.3 1 1
github.com/bytz/payment-service/internal/config/config.go:33.2,34.22 2 1
github.com/bytz/payment-service/internal/config/config.go:34.22,36.3 1 1
github.com/bytz/payment-service/internal/config/config.go:38.2,39.29 2 1
github.com/bytz/payment-service/internal/config/config.go:39.29,41.3 1 1
github.com/bytz/payment-service/internal/config/config.go:43.2,44.26 2 1
github.com/bytz/payment-service/internal/config/config.go:44.26,46.3 1 1
github.com/bytz/payment-service/internal/config/config.go:48.2,49.86 2 1
github.com/bytz/payment-service/internal/config/config.go:49.86,51.3 1 1
github.com/bytz/payment-service/internal/config/config.go:53.2,54.16 2 1
github.com/bytz/payment-service/internal/config/config.go:54.16,56.3 1 1
github.com/bytz/payment-service/internal/config/config.go:58.2,69.8 1 1
github.com/bytz/payment-service/internal/handler/payments.go:51.69,53.2 1 0
github.com/bytz/payment-service/internal/handler/payments.go:56.91,69.2 8 0
github.com/bytz/payment-service/internal/handler/payments.go:72.59,74.43 2 0
github.com/bytz/payment-service/internal/handler/payments.go:74.43,76.3 1 0
github.com/bytz/payment-service/internal/handler/payments.go:78.2,78.72 1 0
github.com/bytz/payment-service/internal/handler/payments.go:78.72,80.3 1 0
github.com/bytz/payment-service/internal/handler/payments.go:83.2,83.67 1 0
github.com/bytz/payment-service/internal/handler/payments.go:83.67,85.3 1 0
github.com/bytz/payment-service/internal/handler/payments.go:86.2,86.23 1 0
github.com/bytz/payment-service/internal/handler/payments.go:86.23,88.3 1 0
github.com/bytz/payment-service/internal/handler/payments.go:90.2,98.16 2 0
github.com/bytz/payment-service/internal/handler/payments.go:98.16,100.3 1 0
github.com/bytz/payment-service/internal/handler/payments.go:102.2,102.84 1 0
github.com/bytz/payment-service/internal/handler/payments.go:106.62,108.43 2 0
github.com/bytz/payment-service/internal/handler/payments.go:108.43,110.3 1 0
github.com/bytz/payment-service/internal/handler/payments.go:112.2,112.92 1 0
github.com/bytz/payment-service/internal/handler/payments.go:112.92,114.3 1 0
github.com/bytz/payment-service/internal/handler/payments.go:116.2,124.16 2 0
github.com/bytz/payment-service/internal/handler/payments.go:124.16,126.3 1 0
github.com/bytz/payment-service/internal/handler/payments.go:128.2,128.87 1 0
github.com/bytz/payment-service/internal/handler/payments.go:132.60,134.43 2 0
github.com/bytz/payment-service/internal/handler/payments.go:134.43,136.3 1 0
github.com/bytz/payment-service/internal/handler/payments.go:138.2,138.144 1 0
github.com/bytz/payment-service/internal/handler/payments.go:138.144,140.3 1 0
github.com/bytz/payment-service/internal/handler/payments.go:143.2,144.59 2 0
github.com/bytz/payment-service/internal/handler/payments.go:144.59,146.3 1 0
github.com/bytz/payment-service/internal/handler/payments.go:146.8,148.3 1 0
github.com/bytz/payment-service/internal/handler/payments.go:149.2,149.18 1 0
github.com/bytz/payment-service/internal/handler/payments.go:149.18,151.3 1 0
github.com/bytz/payment-service/internal/handler/payments.go:154.2,154.89 1 0
github.com/bytz/payment-service/internal/handler/payments.go:154.89,156.3 1 0
github.com/bytz/payment-service/internal/handler/payments.go:158.2,166.16 2 0
github.com/bytz/payment-service/internal/handler/payments.go:166.16,168.3 1 0
github.com/bytz/payment-service/internal/handler/payments.go:170.2,170.56 1 0
github.com/bytz/payment-service/internal/handler/payments.go:174.60,176.43 2 0
github.com/bytz/payment-service/internal/handler/payments.go:176.43,178.3 1 0
github.com/bytz/payment-service/internal/handler/payments.go:180.2,180.150 1 0
github.com/bytz/payment-service/internal/handler/payments.go:180.150,182.3 1 0
github.com/bytz/payment-service/internal/handler/payments.go:184.2,192.16 2 0
github.com/bytz/payment-service/internal/handler/payments.go:192.16,194.3 1 0
github.com/bytz/payment-service/internal/handler/payments.go:196.2,196.56 1 0
github.com/bytz/payment-service/internal/handler/payments.go:200.69,202.21 2 0
github.com/bytz/payment-service/internal/handler/payments.go:202.21,204.3 1 0
github.com/bytz/payment-service/internal/handler/payments.go:206.2,207.16 2 0
github.com/bytz/payment-service/internal/handler/payments.go:207.16,209.3 1 0
github.com/bytz/payment-service/internal/handler/payments.go:211.2,211.57 1 0
github.com/bytz/payment-service/internal/handler/payments.go:215.65,217.14 2 0
github.com/bytz/payment-service/internal/handler/payments.go:217.14,219.3 1 0
github.com/bytz/payment-service/internal/handler/payments.go:221.2,222.16 2 0
github.com/bytz/payment-service/internal/handler/payments.go:222.16,224.3 1 0
github.com/bytz/payment-service/internal/handler/payments.go:226.2,226.59 1 0
github.com/bytz/payment-service/internal/handler/payments.go:231.70,239.2 1 0
github.com/bytz/payment-service/internal/handler/payments.go:241.56,243.29 2 0
github.com/bytz/payment-service/internal/handler/payments.go:243.29,251.3 1 0
github.com/bytz/payment-service/internal/handler/payments.go:253.2,254.104 2 0
github.com/bytz/payment-service/internal/handler/webhook.go:38.144,39.29 1 1
github.com/bytz/payment-service/internal/handler/webhook.go:39.29,41.3 1 1
github.com/bytz/payment-service/internal/handler/webhook.go:42.2,42.142 1 1
github.com/bytz/payment-service/internal/handler/webhook.go:45.53,48.2 2 0
github.com/bytz/payment-service/internal/handler/webhook.go:51.62,53.47 2 0
github.com/bytz/payment-service/internal/handler/webhook.go:53.47,55.3 1 0
github.com/bytz/payment-service/internal/handler/webhook.go:57.2,57.149 1 0
github.com/bytz/payment-service/internal/handler/webhook.go:57.149,59.3 1 0
github.com/bytz/payment-service/internal/handler/webhook.go:62.2,65.41 3 0
github.com/bytz/payment-service/internal/handler/webhook.go:65.41,70.3 2 0
github.com/bytz/payment-service/internal/handler/webhook.go:72.2,76.16 3 0
github.com/bytz/payment-service/internal/handler/webhook.go:76.16,79.3 2 0
github.com/bytz/payment-service/internal/handler/webhook.go:80.2,80.16 1 0
github.com/bytz/payment-service/internal/handler/webhook.go:80.16,83.3 2 0
github.com/bytz/payment-service/internal/handler/webhook.go:86.2,89.29 2 0
github.com/bytz/payment-service/internal/handler/webhook.go:89.29,91.3 1 0
github.com/bytz/payment-service/internal/handler/webhook.go:93.2,97.16 3 0
github.com/bytz/payment-service/internal/handler/webhook.go:97.16,100.3 2 0
github.com/bytz/payment-service/internal/handler/webhook.go:101.2,104.31 3 0
github.com/bytz/payment-service/internal/handler/webhook.go:104.31,106.3 1 0
github.com/bytz/payment-service/internal/handler/webhook.go:107.2,108.33 2 0
github.com/bytz/payment-service/internal/handler/webhook.go:108.33,110.3 1 0
github.com/bytz/payment-service/internal/handler/webhook.go:112.2,113.16 2 0
github.com/bytz/payment-service/internal/handler/webhook.go:113.16,116.3 2 0
github.com/bytz/payment-service/internal/handler/webhook.go:119.2,120.42 2 0
github.com/bytz/payment-service/internal/handler/webhook.go:120.42,121.44 1 0
github.com/bytz/payment-service/internal/handler/webhook.go:121.44,123.4 1 0
github.com/bytz/payment-service/internal/handler/webhook.go:124.8,124.48 1 0
github.com/bytz/payment-service/internal/handler/webhook.go:124.48,126.3 1 0
github.com/bytz/payment-service/internal/handler/webhook.go:128.2,129.25 2 0
github.com/bytz/payment-service/internal/handler/webhook.go:129.25,131.3 1 0
github.com/bytz/payment-service/internal/handler/webhook.go:133.2,141.25 3 0
github.com/bytz/payment-service/internal/handler/webhook.go:141.25,143.3 1 0
github.com/bytz/payment-service/internal/handler/webhook.go:145.2,154.16 2 0
github.com/bytz/payment-service/internal/handler/webhook.go:154.16,157.3 2 0
github.com/bytz/payment-service/internal/handler/webhook.go:159.2,159.40 1 0
github.com/bytz/payment-service/internal/handler/webhook.go:159.40,162.3 2 0
github.com/bytz/payment-service/internal/handler/webhook.go:164.2,172.42 2 0
github.com/bytz/payment-service/internal/handler/webhook.go:172.42,174.3 1 0
github.com/bytz/payment-service/internal/handler/webhook.go:176.2,176.97 1 0
github.com/bytz/payment-service/internal/handler/webhook.go:180.96,193.16 5 0
github.com/bytz/payment-service/internal/handler/webhook.go:193.16,196.3 2 0
github.com/bytz/payment-service/internal/handler/webhook.go:197.2,201.16 4 0
github.com/bytz/payment-service/internal/handler/webhook.go:201.16,204.3 2 0
github.com/bytz/payment-service/internal/handler/webhook.go:205.2,207.28 2 0
github.com/bytz/payment-service/internal/handler/webhook.go:207.28,214.3 2 0
github.com/bytz/payment-service/internal/handler/webhook.go:217.2,218.40 2 0
github.com/bytz/payment-service/internal/handler/webhook.go:218.40,220.3 1 0
github.com/bytz/payment-service/internal/handler/webhook.go:220.8,220.47 1 0
github.com/bytz/payment-service/internal/handler/webhook.go:220.47,222.3 1 0
github.com/bytz/payment-service/internal/handler/webhook.go:224.2,228.3 1 0
github.com/bytz/payment-service/internal/handler/webhook.go:231.69,232.24 1 1
github.com/bytz/payment-service/internal/handler/webhook.go:233.31,234.33 1 1
github.com/bytz/payment-service/internal/handler/webhook.go:235.17,236.34 1 1
github.com/bytz/payment-service/internal/handler/webhook.go:237.34,238.30 1 1
github.com/bytz/payment-service/internal/handler/webhook.go:239.34,240.32 1 1
github.com/bytz/payment-service/internal/handler/webhook.go:241.10,242.23 1 1
github.com/bytz/payment-service/internal/handler/webhook.go:246.52,248.49 2 1
github.com/bytz/payment-service/internal/handler/webhook.go:248.49,250.3 1 1
github.com/bytz/payment-service/internal/handler/webhook.go:251.2,251.10 1 1
github.com/bytz/payment-service/internal/service/payment.go:24.35,26.2 1 1
github.com/bytz/payment-service/internal/service/payment.go:28.62,30.2 1 1
github.com/bytz/payment-service/internal/service/payment.go:33.43,33.95 1 1
github.com/bytz/payment-service/internal/service/payment.go:34.43,34.88 1 1
github.com/bytz/payment-service/internal/service/payment.go:35.44,35.113 1 1
github.com/bytz/payment-service/internal/service/payment.go:36.48,36.109 1 1
github.com/bytz/payment-service/internal/service/payment.go:37.48,37.106 1 1
github.com/bytz/payment-service/internal/service/payment.go:86.41,86.86 1 1
github.com/bytz/payment-service/internal/service/payment.go:95.149,102.2 1 1
github.com/bytz/payment-service/internal/service/payment.go:105.98,107.16 2 0
github.com/bytz/payment-service/internal/service/payment.go:107.16,109.3 1 0
github.com/bytz/payment-service/internal/service/payment.go:110.2,110.19 1 0
github.com/bytz/payment-service/internal/service/payment.go:110.19,112.3 1 0
github.com/bytz/payment-service/internal/service/payment.go:113.2,113.23 1 0
github.com/bytz/payment-service/internal/service/payment.go:113.23,115.3 1 0
github.com/bytz/payment-service/internal/service/payment.go:116.2,116.12 1 0
github.com/bytz/payment-service/internal/service/payment.go:119.110,120.20 1 1
github.com/bytz/payment-service/internal/service/payment.go:120.20,122.3 1 1
github.com/bytz/payment-service/internal/service/payment.go:124.2,132.16 2 0
github.com/bytz/payment-service/internal/service/payment.go:132.16,134.3 1 0
github.com/bytz/payment-service/internal/service/payment.go:135.2,135.19 1 0
github.com/bytz/payment-service/internal/service/payment.go:135.19,138.3 2 0
github.com/bytz/payment-service/internal/service/payment.go:140.2,149.16 3 0
github.com/bytz/payment-service/internal/service/payment.go:149.16,151.3 1 0
github.com/bytz/payment-service/internal/service/payment.go:153.2,159.16 2 0
github.com/bytz/payment-service/internal/service/payment.go:159.16,161.3 1 0
github.com/bytz/payment-service/internal/service/payment.go:164.2,182.16 2 0
github.com/bytz/payment-service/internal/service/payment.go:182.16,184.3 1 0
github.com/bytz/payment-service/internal/service/payment.go:186.2,187.16 2 0
github.com/bytz/payment-service/internal/service/payment.go:187.16,189.3 1 0
github.com/bytz/payment-service/internal/service/payment.go:191.2,201.16 3 0
github.com/bytz/payment-service/internal/service/payment.go:201.16,203.3 1 0
github.com/bytz/payment-service/internal/service/payment.go:205.2,205.21 1 0
github.com/bytz/payment-service/internal/service/payment.go:208.112,209.20 1 1
github.com/bytz/payment-service/internal/service/payment.go:209.20,211.3 1 1
github.com/bytz/payment-service/internal/service/payment.go:213.2,221.16 2 0
github.com/bytz/payment-service/internal/service/payment.go:221.16,223.3 1 0
github.com/bytz/payment-service/internal/service/payment.go:224.2,224.19 1 0
github.com/bytz/payment-service/internal/service/payment.go:224.19,227.3 2 0
github.com/bytz/payment-service/internal/service/payment.go:229.2,233.16 3 0
github.com/bytz/payment-service/internal/service/payment.go:233.16,235.3 1 0
github.com/bytz/payment-service/internal/service/payment.go:236.2,239.16 3 0
github.com/bytz/payment-service/internal/service/payment.go:239.16,241.3 1 0
github.com/bytz/payment-service/internal/service/payment.go:242.2,242.26 1 0
github.com/bytz/payment-service/internal/service/payment.go:242.26,244.3 1 0
github.com/bytz/payment-service/internal/service/payment.go:245.2,245.39 1 0
github.com/bytz/payment-service/internal/service/payment.go:245.39,247.3 1 0
github.com/bytz/payment-service/internal/service/payment.go:249.2,255.16 2 0
github.com/bytz/payment-service/internal/service/payment.go:255.16,257.3 1 0
github.com/bytz/payment-service/internal/service/payment.go:260.2,278.16 2 0
github.com/bytz/payment-service/internal/service/payment.go:278.16,280.3 1 0
github.com/bytz/payment-service/internal/service/payment.go:282.2,283.16 2 0
github.com/bytz/payment-service/internal/service/payment.go:283.16,285.3 1 0
github.com/bytz/payment-service/internal/service/payment.go:287.2,297.16 3 0
github.com/bytz/payment-service/internal/service/payment.go:297.16,299.3 1 0
github.com/bytz/payment-service/internal/service/payment.go:301.2,301.40 1 0
github.com/bytz/payment-service/internal/service/payment.go:301.40,303.3 1 0
github.com/bytz/payment-service/internal/service/payment.go:305.2,305.21 1 0
github.com/bytz/payment-service/internal/service/payment.go:308.112,309.20 1 1
github.com/bytz/payment-service/internal/service/payment.go:309.20,311.3 1 1
github.com/bytz/payment-service/internal/service/payment.go:313.2,314.16 2 0
github.com/bytz/payment-service/internal/service/payment.go:314.16,316.3 1 0
github.com/bytz/payment-service/internal/service/payment.go:317.2,317.21 1 0
github.com/bytz/payment-service/internal/service/payment.go:317.21,319.3 1 0
github.com/bytz/payment-service/internal/service/payment.go:320.2,320.47 1 0
github.com/bytz/payment-service/internal/service/payment.go:320.47,322.3 1 0
github.com/bytz/payment-service/internal/service/payment.go:323.2,323.33 1 0
github.com/bytz/payment-service/internal/service/payment.go:323.33,325.3 1 0
github.com/bytz/payment-service/internal/service/payment.go:328.2,334.16 3 0
github.com/bytz/payment-service/internal/service/payment.go:334.16,336.3 1 0
github.com/bytz/payment-service/internal/service/payment.go:338.2,338.47 1 0
github.com/bytz/payment-service/internal/service/payment.go:338.47,340.3 1 0
github.com/bytz/payment-service/internal/service/payment.go:342.2,344.15 3 0
github.com/bytz/payment-service/internal/service/payment.go:344.15,346.3 1 0
github.com/bytz/payment-service/internal/service/payment.go:348.2,357.16 2 0
github.com/bytz/payment-service/internal/service/payment.go:357.16,359.3 1 0
github.com/bytz/payment-service/internal/service/payment.go:360.2,360.19 1 0
github.com/bytz/payment-service/internal/service/payment.go:360.19,363.3 2 0
github.com/bytz/payment-service/internal/service/payment.go:365.2,368.16 3 0
github.com/bytz/payment-service/internal/service/payment.go:368.16,370.3 1 0
github.com/bytz/payment-service/internal/service/payment.go:372.2,378.16 2 0
github.com/bytz/payment-service/internal/service/payment.go:378.16,380.3 1 0
github.com/bytz/payment-service/internal/service/payment.go:382.2,382.26 1 0
github.com/bytz/payment-service/internal/service/payment.go:382.26,402.17 2 0
github.com/bytz/payment-service/internal/service/payment.go:402.17,404.4 1 0
github.com/bytz/payment-service/internal/service/payment.go:407.2,408.16 2 0
github.com/bytz/payment-service/internal/service/payment.go:408.16,410.3 1 0
github.com/bytz/payment-service/internal/service/payment.go:413.2,413.16 1 0
github.com/bytz/payment-service/internal/service/payment.go:413.16,415.17 2 0
github.com/bytz/payment-service/internal/service/payment.go:415.17,417.4 1 0
github.com/bytz/payment-service/internal/service/payment.go:420.2,430.16 3 0
github.com/bytz/payment-service/internal/service/payment.go:430.16,432.3 1 0
github.com/bytz/payment-service/internal/service/payment.go:434.2,434.21 1 0
github.com/bytz/payment-service/internal/service/payment.go:437.114,438.20 1 1
github.com/bytz/payment-service/internal/service/payment.go:438.20,440.3 1 1
github.com/bytz/payment-service/internal/service/payment.go:441.2,441.22 1 1
github.com/bytz/payment-service/internal/service/payment.go:441.22,443.3 1 1
github.com/bytz/payment-service/internal/service/payment.go:444.2,444.28 1 1
github.com/bytz/payment-service/internal/service/payment.go:444.28,446.3 1 1
github.com/bytz/payment-service/internal/service/payment.go:449.2,460.23 2 0
github.com/bytz/payment-service/internal/service/payment.go:460.23,469.3 1 0
github.com/bytz/payment-service/internal/service/payment.go:471.2,472.16 2 0
github.com/bytz/payment-service/internal/service/payment.go:472.16,474.3 1 0
github.com/bytz/payment-service/internal/service/payment.go:477.2,478.16 2 0
github.com/bytz/payment-service/internal/service/payment.go:478.16,480.3 1 0
github.com/bytz/payment-service/internal/service/payment.go:482.2,488.16 6 0
github.com/bytz/payment-service/internal/service/payment.go:488.16,491.3 2 0
github.com/bytz/payment-service/internal/service/payment.go:492.2,495.16 3 0
github.com/bytz/payment-service/internal/service/payment.go:495.16,497.3 1 0
github.com/bytz/payment-service/internal/service/payment.go:499.2,499.79 1 0
github.com/bytz/payment-service/internal/service/payment.go:499.79,506.3 2 0
github.com/bytz/payment-service/internal/service/payment.go:508.2,512.60 2 0
github.com/bytz/payment-service/internal/service/payment.go:512.60,514.3 1 0
github.com/bytz/payment-service/internal/service/payment.go:516.2,516.26 1 0
github.com/bytz/payment-service/internal/service/payment.go:516.26,519.3 2 0
github.com/bytz/payment-service/internal/service/payment.go:521.2,526.8 2 0
github.com/bytz/payment-service/internal/service/payment.go:530.44,531.22 1 1
github.com/bytz/payment-service/internal/service/payment.go:531.22,533.3 1 1
github.com/bytz/payment-service/internal/service/payment.go:534.2,534.19 1 1
github.com/bytz/payment-service/internal/service/payment.go:537.117,539.2 1 0
github.com/bytz/payment-service/internal/service/payment.go:541.105,543.16 2 0
github.com/bytz/payment-service/internal/service/payment.go:543.16,545.3 1 0
github.com/bytz/payment-service/internal/service/payment.go:546.2,546.16 1 0
github.com/bytz/payment-service/internal/service/payment.go:546.16,548.3 1 0
github.com/bytz/payment-service/internal/service/payment.go:550.2,551.16 2 0
github.com/bytz/payment-service/internal/service/payment.go:551.16,553.3 1 0
github.com/bytz/payment-service/internal/service/payment.go:555.2,556.16 2 0
github.com/bytz/payment-service/internal/service/payment.go:556.16,558.3 1 0
github.com/bytz/payment-service/internal/service/payment.go:560.2,564.8 1 0
github.com/bytz/payment-service/main.go:24.13,29.16 4 0
github.com/bytz/payment-service/main.go:29.16,32.3 2 0
github.com/bytz/payment-service/main.go:35.2,39.16 4 0
github.com/bytz/payment-service/main.go:39.16,42.3 2 0
github.com/bytz/payment-service/main.go:43.2,45.38 2 0
github.com/bytz/payment-service/main.go:45.38,48.3 2 0
github.com/bytz/payment-service/main.go:49.2,81.35 11 0
github.com/bytz/payment-service/main.go:81.35,92.3 4 0
github.com/bytz/payment-service/main.go:95.2,95.46 1 0
github.com/bytz/payment-service/main.go:95.46,101.3 1 0
github.com/bytz/payment-service/main.go:102.2,102.52 1 0
github.com/bytz/payment-service/main.go:102.52,103.52 1 0
github.com/bytz/payment-service/main.go:103.52,105.4 1 0
github.com/bytz/payment-service/main.go:106.3,106.46 1 0
github.com/bytz/payment-service/main.go:110.2,117.12 5 0
github.com/bytz/payment-service/main.go:117.12,120.42 3 0
github.com/bytz/payment-service/main.go:120.42,123.4 2 0
github.com/bytz/payment-service/main.go:126.2,133.39 6 0
github.com/bytz/payment-service/main.go:133.39,135.3 1 0
github.com/bytz/payment-service/main.go:137.2,138.38 2 0
github.com/bytz/payment-service/internal/middleware/auth.go:30.48,31.34 1 0
github.com/bytz/payment-service/internal/middleware/auth.go:31.34,33.64 1 0
github.com/bytz/payment-service/internal/middleware/auth.go:33.64,34.114 1 0
github.com/bytz/payment-service/internal/middleware/auth.go:34.114,42.5 1 0
github.com/bytz/payment-service/internal/middleware/auth.go:44.4,45.20 2 0
github.com/bytz/payment-service/internal/middleware/auth.go:45.20,48.5 2 0
github.com/bytz/payment-service/internal/middleware/auth.go:51.3,52.19 2 0
github.com/bytz/payment-service/internal/middleware/auth.go:52.19,60.4 1 0
github.com/bytz/payment-service/internal/middleware/auth.go:62.3,63.17 2 0
github.com/bytz/payment-service/internal/middleware/auth.go:63.17,72.4 2 0
github.com/bytz/payment-service/internal/middleware/auth.go:73.3,76.17 3 0
github.com/bytz/payment-service/internal/middleware/auth.go:76.17,85.4 2 0
github.com/bytz/payment-service/internal/middleware/auth.go:86.3,88.39 2 0
github.com/bytz/payment-service/internal/middleware/auth.go:88.39,96.4 1 0
github.com/bytz/payment-service/internal/middleware/auth.go:98.3,99.69 2 0
github.com/bytz/payment-service/internal/middleware/auth.go:99.69,108.4 2 0
github.com/bytz/payment-service/internal/middleware/auth.go:110.3,110.51 1 0
github.com/bytz/payment-service/internal/middleware/auth.go:110.51,118.4 1 0
github.com/bytz/payment-service/internal/middleware/auth.go:120.3,123.18 3 0
github.com/bytz/payment-service/internal/store/ledger.go:80.54,82.2 1 0
github.com/bytz/payment-service/internal/store/ledger.go:84.99,89.20 4 0
github.com/bytz/payment-service/internal/store/ledger.go:89.20,91.3 1 0
github.com/bytz/payment-service/internal/store/ledger.go:93.2,99.25 2 0
github.com/bytz/payment-service/internal/store/ledger.go:102.116,104.20 2 0
github.com/bytz/payment-service/internal/store/ledger.go:104.20,111.3 1 0
github.com/bytz/payment-service/internal/store/ledger.go:111.8,118.3 1 0
github.com/bytz/payment-service/internal/store/ledger.go:120.2,120.25 1 0
github.com/bytz/payment-service/internal/store/ledger.go:123.104,125.16 2 0
github.com/bytz/payment-service/internal/store/ledger.go:125.16,127.3 1 0
github.com/bytz/payment-service/internal/store/ledger.go:128.2,128.21 1 0
github.com/bytz/payment-service/internal/store/ledger.go:128.21,130.3 1 0
github.com/bytz/payment-service/internal/store/ledger.go:131.2,131.33 1 0
github.com/bytz/payment-service/internal/store/ledger.go:136.115,137.23 1 0
github.com/bytz/payment-service/internal/store/ledger.go:137.23,139.3 1 0
github.com/bytz/payment-service/internal/store/ledger.go:142.2,143.28 2 0
github.com/bytz/payment-service/internal/store/ledger.go:143.28,144.20 1 0
github.com/bytz/payment-service/internal/store/ledger.go:144.20,146.4 1 0
github.com/bytz/payment-service/internal/store/ledger.go:147.3,147.22 1 0
github.com/bytz/payment-service/internal/store/ledger.go:148.19,149.26 1 0
github.com/bytz/payment-service/internal/store/ledger.go:150.20,151.27 1 0
github.com/bytz/payment-service/internal/store/ledger.go:152.11,153.65 1 0
github.com/bytz/payment-service/internal/store/ledger.go:156.2,156.31 1 0
github.com/bytz/payment-service/internal/store/ledger.go:156.31,158.3 1 0
github.com/bytz/payment-service/internal/store/ledger.go:160.2,161.16 2 0
github.com/bytz/payment-service/internal/store/ledger.go:161.16,163.3 1 0
github.com/bytz/payment-service/internal/store/ledger.go:164.2,167.28 3 0
github.com/bytz/payment-service/internal/store/ledger.go:167.28,172.18 4 0
github.com/bytz/payment-service/internal/store/ledger.go:172.18,174.4 1 0
github.com/bytz/payment-service/internal/store/ledger.go:176.3,177.26 2 0
github.com/bytz/payment-service/internal/store/ledger.go:177.26,179.4 1 0
github.com/bytz/payment-service/internal/store/ledger.go:181.3,190.17 3 0
github.com/bytz/payment-service/internal/store/ledger.go:190.17,192.4 1 0
github.com/bytz/payment-service/internal/store/ledger.go:193.3,197.32 3 0
github.com/bytz/payment-service/internal/store/ledger.go:197.32,199.4 1 0
github.com/bytz/payment-service/internal/store/ledger.go:199.9,201.4 1 0
github.com/bytz/payment-service/internal/store/ledger.go:203.3,206.17 2 0
github.com/bytz/payment-service/internal/store/ledger.go:206.17,208.4 1 0
github.com/bytz/payment-service/internal/store/ledger.go:211.2,211.38 1 0
github.com/bytz/payment-service/internal/store/ledger.go:211.38,213.3 1 0
github.com/bytz/payment-service/internal/store/ledger.go:214.2,214.21 1 0
github.com/bytz/payment-service/internal/store/ledger.go:217.113,224.16 2 0
github.com/bytz/payment-service/internal/store/ledger.go:224.16,226.3 1 0
github.com/bytz/payment-service/internal/store/ledger.go:227.2,230.18 3 0
github.com/bytz/payment-service/internal/store/ledger.go:230.18,235.17 2 0
github.com/bytz/payment-service/internal/store/ledger.go:235.17,237.4 1 0
github.com/bytz/payment-service/internal/store/ledger.go:238.3,238.32 1 0
github.com/bytz/payment-service/internal/store/ledger.go:240.2,240.28 1 0
github.com/bytz/payment-service/internal/store/ledger.go:244.44,246.2 1 0
github.com/bytz/payment-service/internal/store/ledger.go:249.129,251.20 2 0
github.com/bytz/payment-service/internal/store/ledger.go:251.20,258.3 1 0
github.com/bytz/payment-service/internal/store/ledger.go:258.8,265.3 1 0
github.com/bytz/payment-service/internal/store/ledger.go:266.2,266.25 1 0
github.com/bytz/payment-service/internal/store/ledger.go:270.117,272.16 2 0
github.com/bytz/payment-service/internal/store/ledger.go:272.16,274.3 1 0
github.com/bytz/payment-service/internal/store/ledger.go:275.2,275.21 1 0
github.com/bytz/payment-service/internal/store/ledger.go:275.21,277.3 1 0
github.com/bytz/payment-service/internal/store/ledger.go:279.2,283.20 4 0
github.com/bytz/payment-service/internal/store/ledger.go:283.20,285.3 1 0
github.com/bytz/payment-service/internal/store/ledger.go:287.2,293.25 2 0
github.com/bytz/payment-service/internal/store/ledger.go:298.128,299.23 1 0
github.com/bytz/payment-service/internal/store/ledger.go:299.23,301.3 1 0
github.com/bytz/payment-service/internal/store/ledger.go:304.2,305.28 2 0
github.com/bytz/payment-service/internal/store/ledger.go:305.28,306.20 1 0
github.com/bytz/payment-service/internal/store/ledger.go:306.20,308.4 1 0
github.com/bytz/payment-service/internal/store/ledger.go:309.3,309.22 1 0
github.com/bytz/payment-service/internal/store/ledger.go:310.19,311.26 1 0
github.com/bytz/payment-service/internal/store/ledger.go:312.20,313.27 1 0
github.com/bytz/payment-service/internal/store/ledger.go:314.11,315.65 1 0
github.com/bytz/payment-service/internal/store/ledger.go:318.2,318.31 1 0
github.com/bytz/payment-service/internal/store/ledger.go:318.31,320.3 1 0
github.com/bytz/payment-service/internal/store/ledger.go:322.2,323.28 2 0
github.com/bytz/payment-service/internal/store/ledger.go:323.28,328.18 4 0
github.com/bytz/payment-service/internal/store/ledger.go:328.18,330.4 1 0
github.com/bytz/payment-service/internal/store/ledger.go:332.3,333.26 2 0
github.com/bytz/payment-service/internal/store/ledger.go:333.26,335.4 1 0
github.com/bytz/payment-service/internal/store/ledger.go:337.3,346.17 3 0
github.com/bytz/payment-service/internal/store/ledger.go:346.17,348.4 1 0
github.com/bytz/payment-service/internal/store/ledger.go:349.3,353.32 3 0
github.com/bytz/payment-service/internal/store/ledger.go:353.32,355.4 1 0
github.com/bytz/payment-service/internal/store/ledger.go:355.9,357.4 1 0
github.com/bytz/payment-service/internal/store/ledger.go:359.3,362.17 2 0
github.com/bytz/payment-service/internal/store/ledger.go:362.17,364.4 1 0
github.com/bytz/payment-service/internal/store/ledger.go:367.2,367.21 1 0
github.com/bytz/payment-service/internal/store/ledger.go:370.95,373.26 3 0
github.com/bytz/payment-service/internal/store/ledger.go:373.26,375.3 1 0
github.com/bytz/payment-service/internal/store/ledger.go:376.2,376.16 1 0
github.com/bytz/payment-service/internal/store/ledger.go:376.16,378.3 1 0
github.com/bytz/payment-service/internal/store/ledger.go:379.2,379.21 1 0
github.com/bytz/payment-service/internal/store/ledger.go:384.49,390.26 3 0
github.com/bytz/payment-service/internal/store/ledger.go:390.26,392.3 1 0
github.com/bytz/payment-service/internal/store/ledger.go:393.2,393.16 1 0
github.com/bytz/payment-service/internal/store/ledger.go:393.16,395.3 1 0
github.com/bytz/payment-service/internal/store/ledger.go:396.2,396.16 1 0
github.com/bytz/payment-service/internal/store/transaction.go:107.64,109.2 1 0
github.com/bytz/payment-service/internal/store/transaction.go:111.104,122.2 2 0
github.com/bytz/payment-service/internal/store/transaction.go:124.106,126.16 2 0
github.com/bytz/payment-service/internal/store/transaction.go:126.16,128.3 1 0
github.com/bytz/payment-service/internal/store/transaction.go:129.2,129.21 1 0
github.com/bytz/payment-service/internal/store/transaction.go:129.21,131.3 1 0
github.com/bytz/payment-service/internal/store/transaction.go:133.2,150.16 5 0
github.com/bytz/payment-service/internal/store/transaction.go:150.16,152.3 1 0
github.com/bytz/payment-service/internal/store/transaction.go:153.2,153.58 1 0
github.com/bytz/payment-service/internal/store/transaction.go:156.91,167.2 2 0
github.com/bytz/payment-service/internal/store/transaction.go:169.106,178.16 2 0
github.com/bytz/payment-service/internal/store/transaction.go:178.16,180.3 1 0
github.com/bytz/payment-service/internal/store/transaction.go:181.2,184.18 3 0
github.com/bytz/payment-service/internal/store/transaction.go:184.18,186.17 2 0
github.com/bytz/payment-service/internal/store/transaction.go:186.17,188.4 1 0
github.com/bytz/payment-service/internal/store/transaction.go:189.3,189.27 1 0
github.com/bytz/payment-service/internal/store/transaction.go:191.2,191.25 1 0
github.com/bytz/payment-service/internal/store/transaction.go:194.103,205.2 3 0
github.com/bytz/payment-service/internal/store/transaction.go:208.116,219.2 3 0
github.com/bytz/payment-service/internal/store/transaction.go:221.120,226.16 4 0
github.com/bytz/payment-service/internal/store/transaction.go:226.16,228.3 1 0
github.com/bytz/payment-service/internal/store/transaction.go:230.2,240.34 2 0
github.com/bytz/payment-service/internal/store/transaction.go:244.133,249.16 4 0
github.com/bytz/payment-service/internal/store/transaction.go:249.16,251.3 1 0
github.com/bytz/payment-service/internal/store/transaction.go:253.2,263.34 2 0
github.com/bytz/payment-service/internal/store/transaction.go:266.122,274.16 2 0
github.com/bytz/payment-service/internal/store/transaction.go:274.16,276.3 1 0
github.com/bytz/payment-service/internal/store/transaction.go:277.2,280.18 3 0
github.com/bytz/payment-service/internal/store/transaction.go:280.18,282.17 2 0
github.com/bytz/payment-service/internal/store/transaction.go:282.17,284.4 1 0
github.com/bytz/payment-service/internal/store/transaction.go:285.3,285.31 1 0
github.com/bytz/payment-service/internal/store/transaction.go:287.2,287.27 1 0
github.com/bytz/payment-service/internal/store/transaction.go:291.118,293.2 1 0
github.com/bytz/payment-service/internal/store/transaction.go:296.152,311.2 3 0
github.com/bytz/payment-service/internal/store/transaction.go:314.101,320.26 3 0
github.com/bytz/payment-service/internal/store/transaction.go:320.26,322.3 1 0
github.com/bytz/payment-service/internal/store/transaction.go:323.2,323.16 1 0
github.com/bytz/payment-service/internal/store/transaction.go:323.16,325.3 1 0
github.com/bytz/payment-service/internal/store/transaction.go:326.2,326.21 1 0
github.com/bytz/payment-service/internal/store/transaction.go:330.49,332.2 1 0
github.com/bytz/payment-service/internal/store/transaction.go:336.57,343.26 3 0
github.com/bytz/payment-service/internal/store/transaction.go:343.26,345.3 1 0
github.com/bytz/payment-service/internal/store/transaction.go:346.2,346.16 1 0
github.com/bytz/payment-service/internal/store/transaction.go:346.16,348.3 1 0
github.com/bytz/payment-service/internal/store/transaction.go:349.2,349.16 1 0
github.com/bytz/payment-service/internal/store/transaction.go:352.63,359.16 3 0
github.com/bytz/payment-service/internal/store/transaction.go:359.16,361.3 1 0
github.com/bytz/payment-service/internal/store/transaction.go:362.2,362.16 1 0
github.com/bytz/payment-service/internal/store/transaction.go:365.67,371.26 3 0
github.com/bytz/payment-service/internal/store/transaction.go:371.26,373.3 1 0
github.com/bytz/payment-service/internal/store/transaction.go:374.2,374.16 1 0
github.com/bytz/payment-service/internal/store/transaction.go:374.16,376.3 1 0
github.com/bytz/payment-service/internal/store/transaction.go:377.2,377.16 1 0
github.com/bytz/payment-service/internal/store/transaction.go:380.73,386.16 3 0
github.com/bytz/payment-service/internal/store/transaction.go:386.16,388.3 1 0
github.com/bytz/payment-service/internal/store/transaction.go:389.2,389.16 1 0
