mode: set
github.com/bytz/admin-service/internal/config/config.go:17.30,19.37 2 1
github.com/bytz/admin-service/internal/config/config.go:19.37,21.17 2 1
github.com/bytz/admin-service/internal/config/config.go:21.17,23.4 1 1
github.com/bytz/admin-service/internal/config/config.go:24.3,24.11 1 1
github.com/bytz/admin-service/internal/config/config.go:27.2,28.17 2 1
github.com/bytz/admin-service/internal/config/config.go:28.17,30.3 1 1
github.com/bytz/admin-service/internal/config/config.go:32.2,33.19 2 1
github.com/bytz/admin-service/internal/config/config.go:33.19,35.3 1 1
github.com/bytz/admin-service/internal/config/config.go:37.2,38.22 2 1
github.com/bytz/admin-service/internal/config/config.go:38.22,40.3 1 1
github.com/bytz/admin-service/internal/config/config.go:42.2,48.8 1 1
github.com/bytz/admin-service/main.go:25.13,29.16 3 0
github.com/bytz/admin-service/main.go:29.16,32.3 2 0
github.com/bytz/admin-service/main.go:35.2,39.16 4 0
github.com/bytz/admin-service/main.go:39.16,42.3 2 0
github.com/bytz/admin-service/main.go:43.2,45.39 2 0
github.com/bytz/admin-service/main.go:45.39,48.3 2 0
github.com/bytz/admin-service/main.go:49.2,75.46 9 0
github.com/bytz/admin-service/main.go:75.46,81.3 1 0
github.com/bytz/admin-service/main.go:82.2,82.52 1 0
github.com/bytz/admin-service/main.go:82.52,83.52 1 0
github.com/bytz/admin-service/main.go:83.52,85.4 1 0
github.com/bytz/admin-service/main.go:86.3,86.46 1 0
github.com/bytz/admin-service/main.go:90.2,103.12 10 0
github.com/bytz/admin-service/main.go:103.12,106.42 3 0
github.com/bytz/admin-service/main.go:106.42,109.4 2 0
github.com/bytz/admin-service/main.go:112.2,117.66 5 0
github.com/bytz/admin-service/main.go:117.66,119.3 1 0
github.com/bytz/admin-service/main.go:120.2,120.36 1 0
github.com/bytz/admin-service/internal/handler/dashboard.go:19.89,21.2 1 1
github.com/bytz/admin-service/internal/handler/dashboard.go:25.61,29.47 3 1
github.com/bytz/admin-service/internal/handler/dashboard.go:29.47,31.17 2 1
github.com/bytz/admin-service/internal/handler/dashboard.go:31.17,39.4 1 1
github.com/bytz/admin-service/internal/handler/dashboard.go:40.3,40.16 1 1
github.com/bytz/admin-service/internal/handler/dashboard.go:40.16,42.4 1 1
github.com/bytz/admin-service/internal/handler/dashboard.go:43.3,43.14 1 1
github.com/bytz/admin-service/internal/handler/dashboard.go:45.2,45.41 1 1
github.com/bytz/admin-service/internal/handler/dashboard.go:45.41,47.17 2 1
github.com/bytz/admin-service/internal/handler/dashboard.go:47.17,55.4 1 1
github.com/bytz/admin-service/internal/handler/dashboard.go:56.3,56.16 1 1
github.com/bytz/admin-service/internal/handler/dashboard.go:56.16,58.4 1 1
github.com/bytz/admin-service/internal/handler/dashboard.go:59.3,59.12 1 1
github.com/bytz/admin-service/internal/handler/dashboard.go:63.2,63.55 1 1
github.com/bytz/admin-service/internal/handler/dashboard.go:63.55,71.3 1 1
github.com/bytz/admin-service/internal/handler/dashboard.go:73.2,74.16 2 0
github.com/bytz/admin-service/internal/handler/dashboard.go:74.16,77.3 2 0
github.com/bytz/admin-service/internal/handler/dashboard.go:79.2,80.16 2 0
github.com/bytz/admin-service/internal/handler/dashboard.go:80.16,83.3 2 0
github.com/bytz/admin-service/internal/handler/dashboard.go:85.2,86.16 2 0
github.com/bytz/admin-service/internal/handler/dashboard.go:86.16,89.3 2 0
github.com/bytz/admin-service/internal/handler/dashboard.go:91.2,98.4 1 0
github.com/bytz/admin-service/internal/handler/dashboard.go:103.61,107.14 3 1
github.com/bytz/admin-service/internal/handler/dashboard.go:107.14,109.3 1 1
github.com/bytz/admin-service/internal/handler/dashboard.go:110.2,110.36 1 1
github.com/bytz/admin-service/internal/handler/dashboard.go:110.36,112.3 1 1
github.com/bytz/admin-service/internal/handler/dashboard.go:114.2,115.16 2 1
github.com/bytz/admin-service/internal/handler/dashboard.go:115.16,118.3 2 0
github.com/bytz/admin-service/internal/handler/dashboard.go:120.2,128.4 1 0
github.com/bytz/admin-service/internal/handler/dashboard.go:133.60,135.16 2 0
github.com/bytz/admin-service/internal/handler/dashboard.go:135.16,138.3 2 0
github.com/bytz/admin-service/internal/handler/dashboard.go:140.2,143.4 1 0
github.com/bytz/admin-service/internal/handler/dashboard.go:154.62,156.15 2 1
github.com/bytz/admin-service/internal/handler/dashboard.go:156.15,164.3 1 0
github.com/bytz/admin-service/internal/handler/dashboard.go:166.2,167.44 2 1
github.com/bytz/admin-service/internal/handler/dashboard.go:167.44,175.3 1 1
github.com/bytz/admin-service/internal/handler/dashboard.go:177.2,177.24 1 1
github.com/bytz/admin-service/internal/handler/dashboard.go:177.24,185.3 1 1
github.com/bytz/admin-service/internal/handler/dashboard.go:187.2,187.26 1 1
github.com/bytz/admin-service/internal/handler/dashboard.go:187.26,195.3 1 1
github.com/bytz/admin-service/internal/handler/dashboard.go:197.2,199.16 3 0
github.com/bytz/admin-service/internal/handler/dashboard.go:199.16,202.3 2 0
github.com/bytz/admin-service/internal/handler/dashboard.go:205.2,208.16 4 0
github.com/bytz/admin-service/internal/handler/dashboard.go:208.16,211.3 1 0
github.com/bytz/admin-service/internal/handler/dashboard.go:213.2,216.4 1 0
github.com/bytz/admin-service/internal/handler/dashboard.go:219.40,227.2 1 1
github.com/bytz/admin-service/internal/handler/users.go:17.56,19.2 1 1
github.com/bytz/admin-service/internal/handler/users.go:23.54,29.14 5 1
github.com/bytz/admin-service/internal/handler/users.go:29.14,31.3 1 1
github.com/bytz/admin-service/internal/handler/users.go:32.2,32.36 1 1
github.com/bytz/admin-service/internal/handler/users.go:32.36,34.3 1 1
github.com/bytz/admin-service/internal/handler/users.go:36.2,42.16 2 1
github.com/bytz/admin-service/internal/handler/users.go:42.16,45.3 2 0
github.com/bytz/admin-service/internal/handler/users.go:47.2,55.4 1 0
github.com/bytz/admin-service/internal/handler/users.go:60.52,64.16 3 0
github.com/bytz/admin-service/internal/handler/users.go:64.16,67.3 2 0
github.com/bytz/admin-service/internal/handler/users.go:68.2,68.17 1 0
github.com/bytz/admin-service/internal/handler/users.go:68.17,76.3 1 0
github.com/bytz/admin-service/internal/handler/users.go:78.2,81.4 1 0
github.com/bytz/admin-service/internal/handler/users.go:91.56,95.44 3 1
github.com/bytz/admin-service/internal/handler/users.go:95.44,103.3 1 1
github.com/bytz/admin-service/internal/handler/users.go:105.2,105.45 1 1
github.com/bytz/admin-service/internal/handler/users.go:105.45,113.3 1 1
github.com/bytz/admin-service/internal/handler/users.go:115.2,115.29 1 1
github.com/bytz/admin-service/internal/handler/users.go:115.29,123.3 1 1
github.com/bytz/admin-service/internal/handler/users.go:126.2,127.16 2 0
github.com/bytz/admin-service/internal/handler/users.go:127.16,130.3 2 0
github.com/bytz/admin-service/internal/handler/users.go:131.2,131.21 1 0
github.com/bytz/admin-service/internal/handler/users.go:131.21,139.3 1 0
github.com/bytz/admin-service/internal/handler/users.go:141.2,142.16 2 0
github.com/bytz/admin-service/internal/handler/users.go:142.16,145.3 2 0
github.com/bytz/admin-service/internal/handler/users.go:148.2,151.21 4 0
github.com/bytz/admin-service/internal/handler/users.go:151.21,153.3 1 0
github.com/bytz/admin-service/internal/handler/users.go:155.2,158.4 1 0
github.com/bytz/admin-service/internal/handler/users.go:167.58,171.44 3 1
github.com/bytz/admin-service/internal/handler/users.go:171.44,179.3 1 1
github.com/bytz/admin-service/internal/handler/users.go:181.2,181.24 1 1
github.com/bytz/admin-service/internal/handler/users.go:181.24,189.3 1 1
github.com/bytz/admin-service/internal/handler/users.go:192.2,193.16 2 0
github.com/bytz/admin-service/internal/handler/users.go:193.16,196.3 2 0
github.com/bytz/admin-service/internal/handler/users.go:197.2,197.21 1 0
github.com/bytz/admin-service/internal/handler/users.go:197.21,205.3 1 0
github.com/bytz/admin-service/internal/handler/users.go:207.2,208.16 2 0
github.com/bytz/admin-service/internal/handler/users.go:208.16,211.3 2 0
github.com/bytz/admin-service/internal/handler/users.go:214.2,217.21 4 0
github.com/bytz/admin-service/internal/handler/users.go:217.21,219.3 1 0
github.com/bytz/admin-service/internal/handler/users.go:221.2,224.4 1 0
github.com/bytz/admin-service/internal/middleware/admin_auth.go:28.46,31.34 2 0
github.com/bytz/admin-service/internal/middleware/admin_auth.go:31.34,33.64 1 0
github.com/bytz/admin-service/internal/middleware/admin_auth.go:33.64,34.114 1 0
github.com/bytz/admin-service/internal/middleware/admin_auth.go:34.114,42.5 1 0
github.com/bytz/admin-service/internal/middleware/admin_auth.go:44.4,45.20 2 0
github.com/bytz/admin-service/internal/middleware/admin_auth.go:45.20,49.5 3 0
github.com/bytz/admin-service/internal/middleware/admin_auth.go:52.3,53.19 2 0
github.com/bytz/admin-service/internal/middleware/admin_auth.go:53.19,61.4 1 0
github.com/bytz/admin-service/internal/middleware/admin_auth.go:63.3,64.17 2 0
github.com/bytz/admin-service/internal/middleware/admin_auth.go:64.17,73.4 2 0
github.com/bytz/admin-service/internal/middleware/admin_auth.go:74.3,77.17 3 0
github.com/bytz/admin-service/internal/middleware/admin_auth.go:77.17,86.4 2 0
github.com/bytz/admin-service/internal/middleware/admin_auth.go:87.3,89.39 2 0
github.com/bytz/admin-service/internal/middleware/admin_auth.go:89.39,97.4 1 0
github.com/bytz/admin-service/internal/middleware/admin_auth.go:99.3,100.69 2 0
github.com/bytz/admin-service/internal/middleware/admin_auth.go:100.69,109.4 2 0
github.com/bytz/admin-service/internal/middleware/admin_auth.go:111.3,111.58 1 0
github.com/bytz/admin-service/internal/middleware/admin_auth.go:111.58,119.4 1 0
github.com/bytz/admin-service/internal/middleware/admin_auth.go:122.3,127.18 4 0
github.com/bytz/admin-service/internal/store/dashboard.go:38.60,40.2 1 0
github.com/bytz/admin-service/internal/store/dashboard.go:43.89,49.16 2 0
github.com/bytz/admin-service/internal/store/dashboard.go:49.16,51.3 1 0
github.com/bytz/admin-service/internal/store/dashboard.go:52.2,55.18 3 0
github.com/bytz/admin-service/internal/store/dashboard.go:55.18,58.50 3 0
github.com/bytz/admin-service/internal/store/dashboard.go:58.50,60.4 1 0
github.com/bytz/admin-service/internal/store/dashboard.go:61.3,61.22 1 0
github.com/bytz/admin-service/internal/store/dashboard.go:63.2,63.26 1 0
github.com/bytz/admin-service/internal/store/dashboard.go:67.101,74.15 4 0
github.com/bytz/admin-service/internal/store/dashboard.go:74.15,81.3 6 0
github.com/bytz/admin-service/internal/store/dashboard.go:82.2,87.16 4 0
github.com/bytz/admin-service/internal/store/dashboard.go:87.16,89.3 1 0
github.com/bytz/admin-service/internal/store/dashboard.go:90.2,107.18 6 0
github.com/bytz/admin-service/internal/store/dashboard.go:107.18,110.59 3 0
github.com/bytz/admin-service/internal/store/dashboard.go:110.59,112.4 1 0
github.com/bytz/admin-service/internal/store/dashboard.go:113.3,113.27 1 0
github.com/bytz/admin-service/internal/store/dashboard.go:113.27,115.4 1 0
github.com/bytz/admin-service/internal/store/dashboard.go:116.3,116.26 1 0
github.com/bytz/admin-service/internal/store/dashboard.go:116.26,118.4 1 0
github.com/bytz/admin-service/internal/store/dashboard.go:119.3,119.72 1 0
github.com/bytz/admin-service/internal/store/dashboard.go:121.2,121.35 1 0
github.com/bytz/admin-service/internal/store/dashboard.go:121.35,123.3 1 0
github.com/bytz/admin-service/internal/store/dashboard.go:125.2,125.77 1 0
github.com/bytz/admin-service/internal/store/dashboard.go:129.84,133.16 2 0
github.com/bytz/admin-service/internal/store/dashboard.go:133.16,135.3 1 0
github.com/bytz/admin-service/internal/store/dashboard.go:136.2,140.18 4 0
github.com/bytz/admin-service/internal/store/dashboard.go:140.18,143.48 3 0
github.com/bytz/admin-service/internal/store/dashboard.go:143.48,145.4 1 0
github.com/bytz/admin-service/internal/store/dashboard.go:146.3,147.22 2 0
github.com/bytz/admin-service/internal/store/dashboard.go:149.2,149.35 1 0
github.com/bytz/admin-service/internal/store/dashboard.go:149.35,151.3 1 0
github.com/bytz/admin-service/internal/store/dashboard.go:154.2,158.16 3 0
github.com/bytz/admin-service/internal/store/dashboard.go:158.16,160.3 1 0
github.com/bytz/admin-service/internal/store/dashboard.go:162.2,163.22 2 0
github.com/bytz/admin-service/internal/store/dashboard.go:163.22,167.3 2 0
github.com/bytz/admin-service/internal/store/dashboard.go:170.2,174.16 3 0
github.com/bytz/admin-service/internal/store/dashboard.go:174.16,176.3 1 0
github.com/bytz/admin-service/internal/store/dashboard.go:177.2,185.8 2 0
github.com/bytz/admin-service/internal/store/dashboard.go:188.25,190.2 1 0
github.com/bytz/admin-service/internal/store/users.go:68.50,70.2 1 0
github.com/bytz/admin-service/internal/store/users.go:73.95,80.18 5 0
github.com/bytz/admin-service/internal/store/users.go:80.18,84.3 3 0
github.com/bytz/admin-service/internal/store/users.go:85.2,85.20 1 0
github.com/bytz/admin-service/internal/store/users.go:85.20,90.3 4 0
github.com/bytz/admin-service/internal/store/users.go:93.2,95.79 3 0
github.com/bytz/admin-service/internal/store/users.go:95.79,97.3 1 0
github.com/bytz/admin-service/internal/store/users.go:100.2,109.16 4 0
github.com/bytz/admin-service/internal/store/users.go:109.16,111.3 1 0
github.com/bytz/admin-service/internal/store/users.go:112.2,115.18 3 0
github.com/bytz/admin-service/internal/store/users.go:115.18,121.17 2 0
github.com/bytz/admin-service/internal/store/users.go:121.17,123.4 1 0
github.com/bytz/admin-service/internal/store/users.go:124.3,124.27 1 0
github.com/bytz/admin-service/internal/store/users.go:126.2,126.35 1 0
github.com/bytz/admin-service/internal/store/users.go:126.35,128.3 1 0
github.com/bytz/admin-service/internal/store/users.go:129.2,129.18 1 0
github.com/bytz/admin-service/internal/store/users.go:129.18,131.3 1 0
github.com/bytz/admin-service/internal/store/users.go:133.2,133.57 1 0
github.com/bytz/admin-service/internal/store/users.go:137.80,146.16 3 0
github.com/bytz/admin-service/internal/store/users.go:146.16,147.36 1 0
github.com/bytz/admin-service/internal/store/users.go:147.36,149.4 1 0
github.com/bytz/admin-service/internal/store/users.go:150.3,150.46 1 0
github.com/bytz/admin-service/internal/store/users.go:152.2,152.16 1 0
github.com/bytz/admin-service/internal/store/users.go:156.80,167.16 4 0
github.com/bytz/admin-service/internal/store/users.go:167.16,168.36 1 0
github.com/bytz/admin-service/internal/store/users.go:168.36,170.4 1 0
github.com/bytz/admin-service/internal/store/users.go:171.3,171.50 1 0
github.com/bytz/admin-service/internal/store/users.go:173.2,173.16 1 0
github.com/bytz/admin-service/internal/store/users.go:177.82,188.16 4 0
github.com/bytz/admin-service/internal/store/users.go:188.16,189.36 1 0
github.com/bytz/admin-service/internal/store/users.go:189.36,191.4 1 0
github.com/bytz/admin-service/internal/store/users.go:192.3,192.52 1 0
github.com/bytz/admin-service/internal/store/users.go:194.2,194.16 1 0
github.com/bytz/admin-service/internal/store/users.go:198.100,202.99 3 0
github.com/bytz/admin-service/internal/store/users.go:202.99,204.3 1 0
github.com/bytz/admin-service/internal/store/users.go:206.2,211.16 2 0
github.com/bytz/admin-service/internal/store/users.go:211.16,213.3 1 0
github.com/bytz/admin-service/internal/store/users.go:214.2,217.18 3 0
github.com/bytz/admin-service/internal/store/users.go:217.18,219.119 2 0
github.com/bytz/admin-service/internal/store/users.go:219.119,221.4 1 0
github.com/bytz/admin-service/internal/store/users.go:222.3,222.27 1 0
github.com/bytz/admin-service/internal/store/users.go:224.2,224.35 1 0
github.com/bytz/admin-service/internal/store/users.go:224.35,226.3 1 0
github.com/bytz/admin-service/internal/store/users.go:227.2,227.18 1 0
github.com/bytz/admin-service/internal/store/users.go:227.18,229.3 1 0
github.com/bytz/admin-service/internal/store/users.go:231.2,231.57 1 0
github.com/bytz/admin-service/internal/store/users.go:235.151,244.16 4 0
github.com/bytz/admin-service/internal/store/users.go:244.16,246.3 1 0
github.com/bytz/admin-service/internal/store/users.go:247.2,247.16 1 0
github.com/bytz/admin-service/internal/store/users.go:251.89,256.16 2 0
github.com/bytz/admin-service/internal/store/users.go:256.16,258.3 1 0
github.com/bytz/admin-service/internal/store/users.go:259.2,262.18 3 0
github.com/bytz/admin-service/internal/store/users.go:262.18,264.110 2 0
github.com/bytz/admin-service/internal/store/users.go:264.110,266.4 1 0
github.com/bytz/admin-service/internal/store/users.go:267.3,267.28 1 0
github.com/bytz/admin-service/internal/store/users.go:269.2,269.35 1 0
github.com/bytz/admin-service/internal/store/users.go:269.35,271.3 1 0
github.com/bytz/admin-service/internal/store/users.go:272.2,272.18 1 0
github.com/bytz/admin-service/internal/store/users.go:272.18,274.3 1 0
github.com/bytz/admin-service/internal/store/users.go:275.2,275.19 1 0
github.com/bytz/admin-service/internal/store/users.go:279.99,285.16 3 0
github.com/bytz/admin-service/internal/store/users.go:285.16,286.36 1 0
github.com/bytz/admin-service/internal/store/users.go:286.36,288.4 1 0
github.com/bytz/admin-service/internal/store/users.go:289.3,289.49 1 0
github.com/bytz/admin-service/internal/store/users.go:291.2,291.17 1 0
github.com/bytz/admin-service/internal/store/users.go:295.166,305.16 4 0
github.com/bytz/admin-service/internal/store/users.go:305.16,307.3 1 0
github.com/bytz/admin-service/internal/store/users.go:308.2,308.17 1 0
