mode: set
github.com/bytz/notification-service/internal/config/config.go:21.30,23.37 2 1
github.com/bytz/notification-service/internal/config/config.go:23.37,25.17 2 1
github.com/bytz/notification-service/internal/config/config.go:25.17,27.4 1 1
github.com/bytz/notification-service/internal/config/config.go:28.3,28.11 1 1
github.com/bytz/notification-service/internal/config/config.go:31.2,32.17 2 1
github.com/bytz/notification-service/internal/config/config.go:32.17,34.3 1 1
github.com/bytz/notification-service/internal/config/config.go:36.2,37.19 2 1
github.com/bytz/notification-service/internal/config/config.go:37.19,39.3 1 1
github.com/bytz/notification-service/internal/config/config.go:41.2,42.22 2 1
github.com/bytz/notification-service/internal/config/config.go:42.22,44.3 1 1
github.com/bytz/notification-service/internal/config/config.go:46.2,47.26 2 1
github.com/bytz/notification-service/internal/config/config.go:47.26,49.3 1 1
github.com/bytz/notification-service/internal/config/config.go:51.2,61.8 1 1
github.com/bytz/notification-service/internal/store/notification.go:37.33,39.2 1 1
github.com/bytz/notification-service/internal/store/notification.go:71.37,73.2 1 1
github.com/bytz/notification-service/internal/store/notification.go:75.84,77.16 2 0
github.com/bytz/notification-service/internal/store/notification.go:77.16,79.3 1 0
github.com/bytz/notification-service/internal/store/notification.go:81.2,97.16 3 0
github.com/bytz/notification-service/internal/store/notification.go:97.16,99.3 1 0
github.com/bytz/notification-service/internal/store/notification.go:101.2,101.16 1 0
github.com/bytz/notification-service/internal/store/notification.go:104.112,115.16 3 0
github.com/bytz/notification-service/internal/store/notification.go:115.16,117.3 1 0
github.com/bytz/notification-service/internal/store/notification.go:118.2,121.16 3 0
github.com/bytz/notification-service/internal/store/notification.go:121.16,123.3 1 0
github.com/bytz/notification-service/internal/store/notification.go:125.2,130.16 3 0
github.com/bytz/notification-service/internal/store/notification.go:130.16,132.3 1 0
github.com/bytz/notification-service/internal/store/notification.go:134.2,139.8 1 0
github.com/bytz/notification-service/internal/store/notification.go:142.96,151.26 3 0
github.com/bytz/notification-service/internal/store/notification.go:151.26,153.3 1 0
github.com/bytz/notification-service/internal/store/notification.go:154.2,154.16 1 0
github.com/bytz/notification-service/internal/store/notification.go:154.16,156.3 1 0
github.com/bytz/notification-service/internal/store/notification.go:158.2,158.15 1 0
github.com/bytz/notification-service/internal/store/notification.go:161.83,169.26 3 0
github.com/bytz/notification-service/internal/store/notification.go:169.26,171.3 1 0
github.com/bytz/notification-service/internal/store/notification.go:172.2,172.16 1 0
github.com/bytz/notification-service/internal/store/notification.go:172.16,174.3 1 0
github.com/bytz/notification-service/internal/store/notification.go:176.2,176.15 1 0
github.com/bytz/notification-service/internal/store/notification.go:179.80,185.16 2 0
github.com/bytz/notification-service/internal/store/notification.go:185.16,187.3 1 0
github.com/bytz/notification-service/internal/store/notification.go:189.2,189.37 1 0
github.com/bytz/notification-service/internal/store/notification.go:192.78,198.16 3 0
github.com/bytz/notification-service/internal/store/notification.go:198.16,200.3 1 0
github.com/bytz/notification-service/internal/store/notification.go:202.2,202.19 1 0
github.com/bytz/notification-service/internal/store/notification.go:209.61,212.16 3 0
github.com/bytz/notification-service/internal/store/notification.go:212.16,214.3 1 0
github.com/bytz/notification-service/internal/store/notification.go:215.2,215.16 1 0
github.com/bytz/notification-service/internal/store/notification.go:218.63,220.18 2 0
github.com/bytz/notification-service/internal/store/notification.go:220.18,223.17 3 0
github.com/bytz/notification-service/internal/store/notification.go:223.17,225.4 1 0
github.com/bytz/notification-service/internal/store/notification.go:226.3,226.27 1 0
github.com/bytz/notification-service/internal/store/notification.go:228.2,228.35 1 0
github.com/bytz/notification-service/internal/store/notification.go:228.35,230.3 1 0
github.com/bytz/notification-service/internal/store/notification.go:231.2,231.18 1 0
github.com/bytz/notification-service/internal/store/notification.go:231.18,233.3 1 0
github.com/bytz/notification-service/internal/store/notification.go:234.2,234.19 1 0
github.com/bytz/notification-service/internal/handler/routes.go:17.35,19.2 1 1
github.com/bytz/notification-service/internal/handler/routes.go:21.44,28.2 4 1
github.com/bytz/notification-service/internal/handler/routes.go:31.82,37.2 5 1
github.com/bytz/notification-service/internal/handler/routes.go:40.46,46.2 1 1
github.com/bytz/notification-service/internal/handler/routes.go:49.45,51.2 1 1
github.com/bytz/notification-service/internal/handler/routes.go:65.74,70.2 1 1
github.com/bytz/notification-service/internal/handler/routes.go:72.60,74.2 1 1
github.com/bytz/notification-service/internal/handler/routes.go:76.67,78.2 1 1
github.com/bytz/notification-service/internal/handler/routes.go:81.57,84.18 2 1
github.com/bytz/notification-service/internal/handler/routes.go:84.18,86.3 1 1
github.com/bytz/notification-service/internal/handler/routes.go:88.2,91.14 3 1
github.com/bytz/notification-service/internal/handler/routes.go:91.14,93.3 1 1
github.com/bytz/notification-service/internal/handler/routes.go:94.2,94.36 1 1
github.com/bytz/notification-service/internal/handler/routes.go:94.36,96.3 1 1
github.com/bytz/notification-service/internal/handler/routes.go:98.2,99.16 2 1
github.com/bytz/notification-service/internal/handler/routes.go:99.16,102.3 2 0
github.com/bytz/notification-service/internal/handler/routes.go:104.2,104.35 1 0
github.com/bytz/notification-service/internal/handler/routes.go:116.58,118.43 2 1
github.com/bytz/notification-service/internal/handler/routes.go:118.43,120.3 1 1
github.com/bytz/notification-service/internal/handler/routes.go:122.2,122.22 1 1
github.com/bytz/notification-service/internal/handler/routes.go:122.22,124.3 1 1
github.com/bytz/notification-service/internal/handler/routes.go:125.2,125.45 1 1
github.com/bytz/notification-service/internal/handler/routes.go:125.45,127.3 1 1
github.com/bytz/notification-service/internal/handler/routes.go:128.2,128.23 1 1
github.com/bytz/notification-service/internal/handler/routes.go:128.23,130.3 1 1
github.com/bytz/notification-service/internal/handler/routes.go:131.2,131.34 1 1
github.com/bytz/notification-service/internal/handler/routes.go:131.34,133.3 1 1
github.com/bytz/notification-service/internal/handler/routes.go:135.2,136.20 2 0
github.com/bytz/notification-service/internal/handler/routes.go:136.20,138.3 1 0
github.com/bytz/notification-service/internal/handler/routes.go:140.2,147.16 2 0
github.com/bytz/notification-service/internal/handler/routes.go:147.16,150.3 2 0
github.com/bytz/notification-service/internal/handler/routes.go:152.2,152.41 1 0
github.com/bytz/notification-service/internal/handler/routes.go:156.48,161.18 3 1
github.com/bytz/notification-service/internal/handler/routes.go:161.18,163.3 1 1
github.com/bytz/notification-service/internal/handler/routes.go:165.2,166.16 2 0
github.com/bytz/notification-service/internal/handler/routes.go:166.16,169.3 2 0
github.com/bytz/notification-service/internal/handler/routes.go:170.2,170.21 1 0
github.com/bytz/notification-service/internal/handler/routes.go:170.21,172.3 1 0
github.com/bytz/notification-service/internal/handler/routes.go:174.2,175.16 2 0
github.com/bytz/notification-service/internal/handler/routes.go:175.16,178.3 2 0
github.com/bytz/notification-service/internal/handler/routes.go:180.2,180.36 1 0
github.com/bytz/notification-service/internal/handler/routes.go:184.51,187.18 2 1
github.com/bytz/notification-service/internal/handler/routes.go:187.18,189.3 1 1
github.com/bytz/notification-service/internal/handler/routes.go:191.2,192.16 2 0
github.com/bytz/notification-service/internal/handler/routes.go:192.16,195.3 2 0
github.com/bytz/notification-service/internal/handler/routes.go:197.2,197.60 1 0
github.com/bytz/notification-service/internal/handler/routes.go:201.51,204.18 2 1
github.com/bytz/notification-service/internal/handler/routes.go:204.18,206.3 1 1
github.com/bytz/notification-service/internal/handler/routes.go:208.2,209.16 2 0
github.com/bytz/notification-service/internal/handler/routes.go:209.16,212.3 2 0
github.com/bytz/notification-service/internal/handler/routes.go:214.2,214.54 1 0
github.com/bytz/notification-service/internal/consumer/nats.go:87.139,94.2 1 0
github.com/bytz/notification-service/internal/consumer/nats.go:96.69,101.59 1 0
github.com/bytz/notification-service/internal/consumer/nats.go:101.59,103.4 1 0
github.com/bytz/notification-service/internal/consumer/nats.go:104.44,106.4 1 0
github.com/bytz/notification-service/internal/consumer/nats.go:108.2,108.16 1 0
github.com/bytz/notification-service/internal/consumer/nats.go:108.16,110.3 1 0
github.com/bytz/notification-service/internal/consumer/nats.go:111.2,114.16 3 0
github.com/bytz/notification-service/internal/consumer/nats.go:114.16,116.3 1 0
github.com/bytz/notification-service/internal/consumer/nats.go:117.2,128.30 3 0
github.com/bytz/notification-service/internal/consumer/nats.go:128.30,129.53 1 0
github.com/bytz/notification-service/internal/consumer/nats.go:129.53,132.12 2 0
github.com/bytz/notification-service/internal/consumer/nats.go:134.3,134.82 1 0
github.com/bytz/notification-service/internal/consumer/nats.go:137.2,137.12 1 0
github.com/bytz/notification-service/internal/consumer/nats.go:140.86,142.16 2 0
github.com/bytz/notification-service/internal/consumer/nats.go:142.16,144.3 1 0
github.com/bytz/notification-service/internal/consumer/nats.go:146.2,152.16 2 0
github.com/bytz/notification-service/internal/consumer/nats.go:152.16,154.3 1 0
github.com/bytz/notification-service/internal/consumer/nats.go:156.2,156.50 1 0
github.com/bytz/notification-service/internal/consumer/nats.go:156.50,158.3 1 0
github.com/bytz/notification-service/internal/consumer/nats.go:159.2,159.16 1 0
github.com/bytz/notification-service/internal/consumer/nats.go:159.16,161.3 1 0
github.com/bytz/notification-service/internal/consumer/nats.go:163.2,164.12 2 0
github.com/bytz/notification-service/internal/consumer/nats.go:167.74,169.59 2 0
github.com/bytz/notification-service/internal/consumer/nats.go:169.59,174.3 3 0
github.com/bytz/notification-service/internal/consumer/nats.go:176.2,178.51 2 0
github.com/bytz/notification-service/internal/consumer/nats.go:178.51,182.3 3 0
github.com/bytz/notification-service/internal/consumer/nats.go:184.2,184.34 1 0
github.com/bytz/notification-service/internal/consumer/nats.go:184.34,186.3 1 0
github.com/bytz/notification-service/internal/consumer/nats.go:189.77,190.20 1 0
github.com/bytz/notification-service/internal/consumer/nats.go:191.27,192.46 1 0
github.com/bytz/notification-service/internal/consumer/nats.go:193.32,194.50 1 0
github.com/bytz/notification-service/internal/consumer/nats.go:195.27,196.46 1 0
github.com/bytz/notification-service/internal/consumer/nats.go:197.31,198.42 1 0
github.com/bytz/notification-service/internal/consumer/nats.go:199.26,200.45 1 0
github.com/bytz/notification-service/internal/consumer/nats.go:201.29,202.48 1 0
github.com/bytz/notification-service/internal/consumer/nats.go:203.28,204.47 1 0
github.com/bytz/notification-service/internal/consumer/nats.go:205.28,206.47 1 0
github.com/bytz/notification-service/internal/consumer/nats.go:207.38,208.56 1 0
github.com/bytz/notification-service/internal/consumer/nats.go:209.27,210.46 1 0
github.com/bytz/notification-service/internal/consumer/nats.go:211.28,212.46 1 0
github.com/bytz/notification-service/internal/consumer/nats.go:213.10,215.13 2 0
github.com/bytz/notification-service/internal/consumer/nats.go:219.87,221.61 2 0
github.com/bytz/notification-service/internal/consumer/nats.go:221.61,223.3 1 0
github.com/bytz/notification-service/internal/consumer/nats.go:225.2,226.74 1 0
github.com/bytz/notification-service/internal/consumer/nats.go:229.91,231.61 2 0
github.com/bytz/notification-service/internal/consumer/nats.go:231.61,233.3 1 0
github.com/bytz/notification-service/internal/consumer/nats.go:236.2,237.16 2 0
github.com/bytz/notification-service/internal/consumer/nats.go:237.16,239.3 1 0
github.com/bytz/notification-service/internal/consumer/nats.go:241.2,246.45 4 0
github.com/bytz/notification-service/internal/consumer/nats.go:250.93,253.16 3 0
github.com/bytz/notification-service/internal/consumer/nats.go:253.16,255.3 1 0
github.com/bytz/notification-service/internal/consumer/nats.go:256.2,256.21 1 0
github.com/bytz/notification-service/internal/consumer/nats.go:259.87,264.61 2 0
github.com/bytz/notification-service/internal/consumer/nats.go:264.61,266.3 1 0
github.com/bytz/notification-service/internal/consumer/nats.go:268.2,273.54 4 0
github.com/bytz/notification-service/internal/consumer/nats.go:276.83,281.61 2 0
github.com/bytz/notification-service/internal/consumer/nats.go:281.61,283.3 1 0
github.com/bytz/notification-service/internal/consumer/nats.go:285.2,290.54 4 0
github.com/bytz/notification-service/internal/consumer/nats.go:293.86,295.61 2 0
github.com/bytz/notification-service/internal/consumer/nats.go:295.61,297.3 1 0
github.com/bytz/notification-service/internal/consumer/nats.go:299.2,304.54 4 0
github.com/bytz/notification-service/internal/consumer/nats.go:307.89,309.61 2 0
github.com/bytz/notification-service/internal/consumer/nats.go:309.61,311.3 1 0
github.com/bytz/notification-service/internal/consumer/nats.go:313.2,320.45 4 0
github.com/bytz/notification-service/internal/consumer/nats.go:323.88,325.61 2 0
github.com/bytz/notification-service/internal/consumer/nats.go:325.61,327.3 1 0
github.com/bytz/notification-service/internal/consumer/nats.go:329.2,334.54 4 0
github.com/bytz/notification-service/internal/consumer/nats.go:337.88,339.61 2 0
github.com/bytz/notification-service/internal/consumer/nats.go:339.61,341.3 1 0
github.com/bytz/notification-service/internal/consumer/nats.go:343.2,348.54 4 0
github.com/bytz/notification-service/internal/consumer/nats.go:351.97,353.61 2 0
github.com/bytz/notification-service/internal/consumer/nats.go:353.61,355.3 1 0
github.com/bytz/notification-service/internal/consumer/nats.go:357.2,362.54 4 0
github.com/bytz/notification-service/internal/consumer/nats.go:365.87,367.61 2 0
github.com/bytz/notification-service/internal/consumer/nats.go:367.61,369.3 1 0
github.com/bytz/notification-service/internal/consumer/nats.go:371.2,376.45 4 0
github.com/bytz/notification-service/internal/consumer/nats.go:379.87,381.61 2 0
github.com/bytz/notification-service/internal/consumer/nats.go:381.61,383.3 1 0
github.com/bytz/notification-service/internal/consumer/nats.go:385.2,390.45 4 0
github.com/bytz/notification-service/internal/consumer/nats.go:394.89,397.16 3 0
github.com/bytz/notification-service/internal/consumer/nats.go:397.16,399.3 1 0
github.com/bytz/notification-service/internal/consumer/nats.go:400.2,400.19 1 0
github.com/bytz/notification-service/internal/consumer/nats.go:411.9,419.16 2 0
github.com/bytz/notification-service/internal/consumer/nats.go:419.16,421.3 1 0
github.com/bytz/notification-service/internal/consumer/nats.go:424.2,424.81 1 0
github.com/bytz/notification-service/internal/consumer/nats.go:424.81,426.3 1 0
github.com/bytz/notification-service/internal/consumer/nats.go:429.2,429.30 1 0
github.com/bytz/notification-service/internal/consumer/nats.go:429.30,430.13 1 0
github.com/bytz/notification-service/internal/consumer/nats.go:431.16,433.18 2 0
github.com/bytz/notification-service/internal/consumer/nats.go:433.18,435.13 2 0
github.com/bytz/notification-service/internal/consumer/nats.go:437.4,441.19 1 0
github.com/bytz/notification-service/internal/consumer/nats.go:441.19,443.5 1 0
github.com/bytz/notification-service/internal/consumer/nats.go:444.17,444.17 0 0
github.com/bytz/notification-service/internal/consumer/nats.go:446.11,447.56 1 0
github.com/bytz/notification-service/internal/consumer/nats.go:451.2,451.12 1 0
github.com/bytz/notification-service/internal/consumer/nats.go:454.28,455.32 1 0
github.com/bytz/notification-service/internal/consumer/nats.go:455.32,457.3 1 0
github.com/bytz/notification-service/internal/consumer/nats.go:458.2,458.17 1 0
github.com/bytz/notification-service/internal/consumer/nats.go:458.17,460.3 1 0
github.com/bytz/notification-service/internal/consumer/nats.go:463.31,464.13 1 0
github.com/bytz/notification-service/internal/consumer/nats.go:464.13,466.3 1 0
github.com/bytz/notification-service/internal/consumer/nats.go:467.2,467.11 1 0
github.com/bytz/notification-service/main.go:24.13,29.30 2 0
github.com/bytz/notification-service/main.go:29.30,32.3 2 0
github.com/bytz/notification-service/main.go:35.18,37.16 2 0
github.com/bytz/notification-service/main.go:37.16,39.3 1 0
github.com/bytz/notification-service/main.go:41.2,46.16 4 0
github.com/bytz/notification-service/main.go:46.16,48.3 1 0
github.com/bytz/notification-service/main.go:49.2,51.39 2 0
github.com/bytz/notification-service/main.go:51.39,53.3 1 0
github.com/bytz/notification-service/main.go:54.2,65.61 6 0
github.com/bytz/notification-service/main.go:65.61,67.3 1 0
github.com/bytz/notification-service/main.go:67.8,69.3 1 0
github.com/bytz/notification-service/main.go:72.2,95.12 9 0
github.com/bytz/notification-service/main.go:95.12,98.42 3 0
github.com/bytz/notification-service/main.go:98.42,101.4 2 0
github.com/bytz/notification-service/main.go:104.2,108.66 4 0
github.com/bytz/notification-service/main.go:108.66,110.3 1 0
github.com/bytz/notification-service/main.go:112.2,113.12 2 0
github.com/bytz/notification-service/internal/sender/centrifugo.go:20.64,26.2 1 0
github.com/bytz/notification-service/internal/sender/centrifugo.go:39.97,40.35 1 0
github.com/bytz/notification-service/internal/sender/centrifugo.go:40.35,43.3 2 0
github.com/bytz/notification-service/internal/sender/centrifugo.go:45.2,54.16 3 0
github.com/bytz/notification-service/internal/sender/centrifugo.go:54.16,56.3 1 0
github.com/bytz/notification-service/internal/sender/centrifugo.go:58.2,59.16 2 0
github.com/bytz/notification-service/internal/sender/centrifugo.go:59.16,61.3 1 0
github.com/bytz/notification-service/internal/sender/centrifugo.go:63.2,67.16 4 0
github.com/bytz/notification-service/internal/sender/centrifugo.go:67.16,69.3 1 0
github.com/bytz/notification-service/internal/sender/centrifugo.go:70.2,72.28 2 0
github.com/bytz/notification-service/internal/sender/centrifugo.go:72.28,75.3 2 0
github.com/bytz/notification-service/internal/sender/centrifugo.go:77.2,78.12 2 0
github.com/bytz/notification-service/internal/sender/centrifugo.go:82.120,85.2 2 0
github.com/bytz/notification-service/internal/sender/email.go:19.49,24.2 1 0
github.com/bytz/notification-service/internal/sender/email.go:39.74,40.20 1 0
github.com/bytz/notification-service/internal/sender/email.go:40.20,43.3 2 0
github.com/bytz/notification-service/internal/sender/email.go:45.2,53.16 3 0
github.com/bytz/notification-service/internal/sender/email.go:53.16,55.3 1 0
github.com/bytz/notification-service/internal/sender/email.go:57.2,58.16 2 0
github.com/bytz/notification-service/internal/sender/email.go:58.16,60.3 1 0
github.com/bytz/notification-service/internal/sender/email.go:62.2,66.16 4 0
github.com/bytz/notification-service/internal/sender/email.go:66.16,68.3 1 0
github.com/bytz/notification-service/internal/sender/email.go:69.2,71.28 2 0
github.com/bytz/notification-service/internal/sender/email.go:71.28,74.3 2 0
github.com/bytz/notification-service/internal/sender/email.go:76.2,77.12 2 0
github.com/bytz/notification-service/internal/middleware/auth.go:30.48,31.34 1 0
github.com/bytz/notification-service/internal/middleware/auth.go:31.34,33.64 1 0
github.com/bytz/notification-service/internal/middleware/auth.go:33.64,34.114 1 0
github.com/bytz/notification-service/internal/middleware/auth.go:34.114,42.5 1 0
github.com/bytz/notification-service/internal/middleware/auth.go:44.4,45.20 2 0
github.com/bytz/notification-service/internal/middleware/auth.go:45.20,48.5 2 0
github.com/bytz/notification-service/internal/middleware/auth.go:51.3,52.19 2 0
github.com/bytz/notification-service/internal/middleware/auth.go:52.19,60.4 1 0
github.com/bytz/notification-service/internal/middleware/auth.go:62.3,63.17 2 0
github.com/bytz/notification-service/internal/middleware/auth.go:63.17,72.4 2 0
github.com/bytz/notification-service/internal/middleware/auth.go:73.3,76.17 3 0
github.com/bytz/notification-service/internal/middleware/auth.go:76.17,85.4 2 0
github.com/bytz/notification-service/internal/middleware/auth.go:86.3,88.39 2 0
github.com/bytz/notification-service/internal/middleware/auth.go:88.39,96.4 1 0
github.com/bytz/notification-service/internal/middleware/auth.go:98.3,99.69 2 0
github.com/bytz/notification-service/internal/middleware/auth.go:99.69,108.4 2 0
github.com/bytz/notification-service/internal/middleware/auth.go:110.3,110.51 1 0
github.com/bytz/notification-service/internal/middleware/auth.go:110.51,118.4 1 0
github.com/bytz/notification-service/internal/middleware/auth.go:120.3,123.18 3 0
